<?xml version="1.0" encoding="UTF-8"?>
<!-- Generated by org.testng.reporters.JUnitXMLReporter -->
<testsuite ignored="0" hostname="DESKTOP-7ITE2N0" failures="0" tests="4" name="Test" time="23.968" errors="0" timestamp="2023-06-20T16:28:22 IST">
  <testcase classname="testClsPackage.Post_TC_1" name="execute" time="13.99"/>
  <testcase classname="testClsPackage.Post_TC_2" name="execute" time="2.161"/>
  <testcase classname="testClsPackage.Post_TC_3" name="execute" time="2.093"/>
  <testcase classname="testClsPackage.Post_TC_4" name="execute" time="5.002"/>
</testsuite> <!-- Test -->
